Compiling C:\Users\Ryzen\Desktop\Proyecto_Micros\main on 25-may.-25 at 12:11
*** Error 28 "C:\Users\Ryzen\Desktop\Proyecto_Micros\main.c" Line 19(23,27): Expecting an identifier
*** Error 48 "C:\Users\Ryzen\Desktop\Proyecto_Micros\main.c" Line 19(29,32): Expecting a (
*** Error 58 "C:\Users\Ryzen\Desktop\Proyecto_Micros\main.c" Line 51(31,32): Expecting a close paren
*** Error 58 "C:\Users\Ryzen\Desktop\Proyecto_Micros\main.c" Line 53(32,33): Expecting a close paren
*** Error 58 "C:\Users\Ryzen\Desktop\Proyecto_Micros\main.c" Line 58(18,23): Expecting a close paren
*** Error 58 "C:\Users\Ryzen\Desktop\Proyecto_Micros\main.c" Line 67(41,42): Expecting a close paren
*** Error 58 "C:\Users\Ryzen\Desktop\Proyecto_Micros\main.c" Line 70(43,44): Expecting a close paren
*** Error 58 "C:\Users\Ryzen\Desktop\Proyecto_Micros\main.c" Line 82(41,42): Expecting a close paren
*** Error 58 "C:\Users\Ryzen\Desktop\Proyecto_Micros\main.c" Line 85(43,44): Expecting a close paren
*** Error 58 "C:\Users\Ryzen\Desktop\Proyecto_Micros\main.c" Line 93(28,29): Expecting a close paren
*** Error 58 "C:\Users\Ryzen\Desktop\Proyecto_Micros\main.c" Line 96(18,27): Expecting a close paren
*** Error 58 "C:\Users\Ryzen\Desktop\Proyecto_Micros\main.c" Line 102(39,40): Expecting a close paren
*** Error 58 "C:\Users\Ryzen\Desktop\Proyecto_Micros\main.c" Line 104(39,40): Expecting a close paren
*** Error 58 "C:\Users\Ryzen\Desktop\Proyecto_Micros\main.c" Line 105(21,30): Expecting a close paren
*** Error 58 "C:\Users\Ryzen\Desktop\Proyecto_Micros\main.c" Line 114(46,47): Expecting a close paren
*** Error 58 "C:\Users\Ryzen\Desktop\Proyecto_Micros\main.c" Line 116(47,48): Expecting a close paren
*** Error 28 "C:\Users\Ryzen\Desktop\Proyecto_Micros\main.c" Line 155(23,27): Expecting an identifier
*** Error 48 "C:\Users\Ryzen\Desktop\Proyecto_Micros\main.c" Line 155(29,32): Expecting a (
*** Error 43 "C:\Users\Ryzen\Desktop\Proyecto_Micros\main.c" Line 156(4,9): Expecting a declaration
*** Error 43 "C:\Users\Ryzen\Desktop\Proyecto_Micros\main.c" Line 156(9,10): Expecting a declaration
*** Error 43 "C:\Users\Ryzen\Desktop\Proyecto_Micros\main.c" Line 156(10,11): Expecting a declaration
*** Error 48 "C:\Users\Ryzen\Desktop\Proyecto_Micros\main.c" Line 156(11,14): Expecting a (
*** Error 43 "C:\Users\Ryzen\Desktop\Proyecto_Micros\main.c" Line 156(16,17): Expecting a declaration
*** Error 32 "C:\Users\Ryzen\Desktop\Proyecto_Micros\main.c" Line 157(17,20): Expecting a , or )
*** Error 43 "C:\Users\Ryzen\Desktop\Proyecto_Micros\main.c" Line 157(22,23): Expecting a declaration
*** Error 43 "C:\Users\Ryzen\Desktop\Proyecto_Micros\main.c" Line 158(4,5): Expecting a declaration
*** Error 43 "C:\Users\Ryzen\Desktop\Proyecto_Micros\main.c" Line 159(1,2): Expecting a declaration
      27 Errors,  0 Warnings.
Build Failed.
